# JRE version: Java(TM) SE Runtime Environment (8.0_111-b14) (build 1.8.0_111-b14)
# Java VM: Java HotSpot(TM) 64-Bit Server VM (25.111-b14 mixed mode windows-amd64 compressed oops)
Heap:
 PSYoungGen      total 18432K, used 5358K [0x00000000ebb00000, 0x00000000ecf80000, 0x0000000100000000)
  eden space 15872K, 33% used [0x00000000ebb00000,0x00000000ec03b8a8,0x00000000eca80000)
  from space 2560K, 0% used [0x00000000eca80000,0x00000000eca80000,0x00000000ecd00000)
  to   space 2560K, 0% used [0x00000000ecd00000,0x00000000ecd00000,0x00000000ecf80000)
 ParOldGen       total 30208K, used 4396K [0x00000000c3000000, 0x00000000c4d80000, 0x00000000ebb00000)
  object space 30208K, 14% used [0x00000000c3000000,0x00000000c344b138,0x00000000c4d80000)
 Metaspace       used 15311K, capacity 15506K, committed 15616K, reserved 1062912K
  class space    used 1925K, capacity 2011K, committed 2048K, reserved 1048576K
GC Heap History (4 events):
Event: 4.397 GC heap before
{Heap before GC invocations=1 (full 0):
 PSYoungGen      total 18432K, used 12403K [0x00000000ebb00000, 0x00000000ecf80000, 0x0000000100000000)
  eden space 15872K, 78% used [0x00000000ebb00000,0x00000000ec71ce80,0x00000000eca80000)
  from space 2560K, 0% used [0x00000000ecd00000,0x00000000ecd00000,0x00000000ecf80000)
  to   space 2560K, 0% used [0x00000000eca80000,0x00000000eca80000,0x00000000ecd00000)
 ParOldGen       total 42496K, used 0K [0x00000000c3000000, 0x00000000c5980000, 0x00000000ebb00000)
  object space 42496K, 0% used [0x00000000c3000000,0x00000000c3000000,0x00000000c5980000)
 Metaspace       used 13438K, capacity 13678K, committed 13824K, reserved 1060864K
  class space    used 1719K, capacity 1785K, committed 1792K, reserved 1048576K
Event: 4.465 GC heap after
Heap after GC invocations=1 (full 0):
 PSYoungGen      total 18432K, used 2538K [0x00000000ebb00000, 0x00000000ecf80000, 0x0000000100000000)
  eden space 15872K, 0% used [0x00000000ebb00000,0x00000000ebb00000,0x00000000eca80000)
  from space 2560K, 99% used [0x00000000eca80000,0x00000000eccfabd0,0x00000000ecd00000)
  to   space 2560K, 0% used [0x00000000ecd00000,0x00000000ecd00000,0x00000000ecf80000)
 ParOldGen       total 42496K, used 1980K [0x00000000c3000000, 0x00000000c5980000, 0x00000000ebb00000)
  object space 42496K, 4% used [0x00000000c3000000,0x00000000c31ef3a8,0x00000000c5980000)
 Metaspace       used 13438K, capacity 13678K, committed 13824K, reserved 1060864K
  class space    used 1719K, capacity 1785K, committed 1792K, reserved 1048576K
}
Event: 4.465 GC heap before
{Heap before GC invocations=2 (full 1):
 PSYoungGen      total 18432K, used 2538K [0x00000000ebb00000, 0x00000000ecf80000, 0x0000000100000000)
  eden space 15872K, 0% used [0x00000000ebb00000,0x00000000ebb00000,0x00000000eca80000)
  from space 2560K, 99% used [0x00000000eca80000,0x00000000eccfabd0,0x00000000ecd00000)
  to   space 2560K, 0% used [0x00000000ecd00000,0x00000000ecd00000,0x00000000ecf80000)
 ParOldGen       total 42496K, used 1980K [0x00000000c3000000, 0x00000000c5980000, 0x00000000ebb00000)
  object space 42496K, 4% used [0x00000000c3000000,0x00000000c31ef3a8,0x00000000c5980000)
 Metaspace       used 13438K, capacity 13678K, committed 13824K, reserved 1060864K
  class space    used 1719K, capacity 1785K, committed 1792K, reserved 1048576K
Event: 4.529 GC heap after
Heap after GC invocations=2 (full 1):
 PSYoungGen      total 18432K, used 0K [0x00000000ebb00000, 0x00000000ecf80000, 0x0000000100000000)
  eden space 15872K, 0% used [0x00000000ebb00000,0x00000000ebb00000,0x00000000eca80000)
  from space 2560K, 0% used [0x00000000eca80000,0x00000000eca80000,0x00000000ecd00000)
  to   space 2560K, 0% used [0x00000000ecd00000,0x00000000ecd00000,0x00000000ecf80000)
 ParOldGen       total 30208K, used 4396K [0x00000000c3000000, 0x00000000c4d80000, 0x00000000ebb00000)
  object space 30208K, 14% used [0x00000000c3000000,0x00000000c344b138,0x00000000c4d80000)
 Metaspace       used 13438K, capacity 13678K, committed 13824K, reserved 1060864K
  class space    used 1719K, capacity 1785K, committed 1792K, reserved 1048576K
}

