# JRE version: Java(TM) SE Runtime Environment (8.0_111-b14) (build 1.8.0_111-b14)
# Java VM: Java HotSpot(TM) 64-Bit Server VM (25.111-b14 mixed mode windows-amd64 compressed oops)
Heap:
 PSYoungGen      total 18432K, used 4609K [0x00000000ebb00000, 0x00000000ecf80000, 0x0000000100000000)
  eden space 15872K, 29% used [0x00000000ebb00000,0x00000000ebf80418,0x00000000eca80000)
  from space 2560K, 0% used [0x00000000eca80000,0x00000000eca80000,0x00000000ecd00000)
  to   space 2560K, 0% used [0x00000000ecd00000,0x00000000ecd00000,0x00000000ecf80000)
 ParOldGen       total 35840K, used 4596K [0x00000000c3000000, 0x00000000c5300000, 0x00000000ebb00000)
  object space 35840K, 12% used [0x00000000c3000000,0x00000000c347d1a8,0x00000000c5300000)
 Metaspace       used 15305K, capacity 15506K, committed 15616K, reserved 1064960K
  class space    used 1925K, capacity 2011K, committed 2048K, reserved 1048576K
GC Heap History (4 events):
Event: 4.652 GC heap before
{Heap before GC invocations=1 (full 0):
 PSYoungGen      total 18432K, used 12972K [0x00000000ebb00000, 0x00000000ecf80000, 0x0000000100000000)
  eden space 15872K, 81% used [0x00000000ebb00000,0x00000000ec7ab3e0,0x00000000eca80000)
  from space 2560K, 0% used [0x00000000ecd00000,0x00000000ecd00000,0x00000000ecf80000)
  to   space 2560K, 0% used [0x00000000eca80000,0x00000000eca80000,0x00000000ecd00000)
 ParOldGen       total 42496K, used 0K [0x00000000c3000000, 0x00000000c5980000, 0x00000000ebb00000)
  object space 42496K, 0% used [0x00000000c3000000,0x00000000c3000000,0x00000000c5980000)
 Metaspace       used 14140K, capacity 14354K, committed 14464K, reserved 1067008K
  class space    used 1790K, capacity 1883K, committed 1920K, reserved 1048576K
Event: 4.664 GC heap after
Heap after GC invocations=1 (full 0):
 PSYoungGen      total 18432K, used 2554K [0x00000000ebb00000, 0x00000000ecf80000, 0x0000000100000000)
  eden space 15872K, 0% used [0x00000000ebb00000,0x00000000ebb00000,0x00000000eca80000)
  from space 2560K, 99% used [0x00000000eca80000,0x00000000eccfebe0,0x00000000ecd00000)
  to   space 2560K, 0% used [0x00000000ecd00000,0x00000000ecd00000,0x00000000ecf80000)
 ParOldGen       total 42496K, used 2178K [0x00000000c3000000, 0x00000000c5980000, 0x00000000ebb00000)
  object space 42496K, 5% used [0x00000000c3000000,0x00000000c3220970,0x00000000c5980000)
 Metaspace       used 14140K, capacity 14354K, committed 14464K, reserved 1067008K
  class space    used 1790K, capacity 1883K, committed 1920K, reserved 1048576K
}
Event: 4.664 GC heap before
{Heap before GC invocations=2 (full 1):
 PSYoungGen      total 18432K, used 2554K [0x00000000ebb00000, 0x00000000ecf80000, 0x0000000100000000)
  eden space 15872K, 0% used [0x00000000ebb00000,0x00000000ebb00000,0x00000000eca80000)
  from space 2560K, 99% used [0x00000000eca80000,0x00000000eccfebe0,0x00000000ecd00000)
  to   space 2560K, 0% used [0x00000000ecd00000,0x00000000ecd00000,0x00000000ecf80000)
 ParOldGen       total 42496K, used 2178K [0x00000000c3000000, 0x00000000c5980000, 0x00000000ebb00000)
  object space 42496K, 5% used [0x00000000c3000000,0x00000000c3220970,0x00000000c5980000)
 Metaspace       used 14140K, capacity 14354K, committed 14464K, reserved 1067008K
  class space    used 1790K, capacity 1883K, committed 1920K, reserved 1048576K
Event: 4.713 GC heap after
Heap after GC invocations=2 (full 1):
 PSYoungGen      total 18432K, used 0K [0x00000000ebb00000, 0x00000000ecf80000, 0x0000000100000000)
  eden space 15872K, 0% used [0x00000000ebb00000,0x00000000ebb00000,0x00000000eca80000)
  from space 2560K, 0% used [0x00000000eca80000,0x00000000eca80000,0x00000000ecd00000)
  to   space 2560K, 0% used [0x00000000ecd00000,0x00000000ecd00000,0x00000000ecf80000)
 ParOldGen       total 35840K, used 4596K [0x00000000c3000000, 0x00000000c5300000, 0x00000000ebb00000)
  object space 35840K, 12% used [0x00000000c3000000,0x00000000c347d1a8,0x00000000c5300000)
 Metaspace       used 14140K, capacity 14354K, committed 14464K, reserved 1064960K
  class space    used 1790K, capacity 1883K, committed 1920K, reserved 1048576K
}

